2025/01/19 04:25:08 Context Dump: {
  "Keys": null,
  "Params": null,
  "Request": {
    "Body": {},
    "Header": {
      "Accept": [
        "*/*"
      ],
      "Accept-Encoding": [
        "gzip, deflate, br"
      ],
      "Connection": [
        "keep-alive"
      ],
      "Content-Length": [
        "150"
      ],
      "Content-Type": [
        "application/json"
      ],
      "Postman-Token": [
        "a36c9ea2-290e-4575-bc1d-855ba60a85b3"
      ],
      "User-Agent": [
        "PostmanRuntime/7.43.0"
      ]
    },
    "Method": "GET",
    "URL": "/api/v1/products"
  },
  "Writer": {
    "Header": {
      "Access-Control-Allow-Credentials": [
        "true"
      ],
      "Access-Control-Allow-Headers": [
        "Content-Type, Content-Length, Authorization, Accept, X-Requested-With"
      ],
      "Access-Control-Allow-Methods": [
        "POST, OPTIONS, GET, PUT, DELETE"
      ],
      "Access-Control-Allow-Origin": [
        "*"
      ]
    },
    "Status": 200
  }
}
